c:\users\b409_17\desktop\gameserver_3\0320\0320\debug\vc140.pdb
c:\users\b409_17\desktop\gameserver_3\0320\0320\debug\vc140.idb
c:\users\b409_17\desktop\gameserver_3\0320\0320\debug\main.obj
c:\users\b409_17\desktop\gameserver_3\0320\debug\0320.pdb
c:\users\b409_17\desktop\gameserver_3\0320\0320\debug\0320.tlog\cl.command.1.tlog
c:\users\b409_17\desktop\gameserver_3\0320\0320\debug\0320.tlog\cl.read.1.tlog
c:\users\b409_17\desktop\gameserver_3\0320\0320\debug\0320.tlog\cl.write.1.tlog
c:\users\b409_17\desktop\gameserver_3\0320\0320\debug\0320.tlog\link-cvtres.read.1.tlog
c:\users\b409_17\desktop\gameserver_3\0320\0320\debug\0320.tlog\link-cvtres.write.1.tlog
c:\users\b409_17\desktop\gameserver_3\0320\0320\debug\0320.tlog\link-rc.read.1.tlog
c:\users\b409_17\desktop\gameserver_3\0320\0320\debug\0320.tlog\link-rc.write.1.tlog
c:\users\b409_17\desktop\gameserver_3\0320\0320\debug\0320.tlog\link.18104-cvtres.read.1.tlog
c:\users\b409_17\desktop\gameserver_3\0320\0320\debug\0320.tlog\link.18104-cvtres.write.1.tlog
c:\users\b409_17\desktop\gameserver_3\0320\0320\debug\0320.tlog\link.18104-rc.read.1.tlog
c:\users\b409_17\desktop\gameserver_3\0320\0320\debug\0320.tlog\link.18104-rc.write.1.tlog
c:\users\b409_17\desktop\gameserver_3\0320\0320\debug\0320.tlog\link.18104.read.1.tlog
c:\users\b409_17\desktop\gameserver_3\0320\0320\debug\0320.tlog\link.18104.write.1.tlog
c:\users\b409_17\desktop\gameserver_3\0320\0320\debug\0320.tlog\link.command.1.tlog
c:\users\b409_17\desktop\gameserver_3\0320\0320\debug\0320.tlog\link.read.1.tlog
c:\users\b409_17\desktop\gameserver_3\0320\0320\debug\0320.tlog\link.write.1.tlog
